<?xml version="1.0" encoding="UTF-8"?>
<!-- Generated by org.testng.reporters.JUnitReportReporter -->
<testsuite hostname="WKWIN5662620" name="seleniumClass5.TestClass3" tests="3" failures="0" timestamp="8 Dec 2018 09:35:31 GMT" time="0.000" errors="0">
  <testcase name="test2" time="0.000" classname="seleniumClass5.TestClass3"/>
  <testcase name="test4" time="0.000" classname="seleniumClass5.TestClass3"/>
  <testcase name="test3" time="0.000" classname="seleniumClass5.TestClass3"/>
</testsuite> <!-- seleniumClass5.TestClass3 -->
