<?xml version="1.0" encoding="UTF-8"?>
<!-- Generated by org.testng.reporters.JUnitReportReporter -->
<testsuite hostname="WKWIN5662620" name="SeleniumBatchFeb.TestClass2" tests="2" failures="0" timestamp="17 Mar 2019 09:33:59 GMT" time="0.000" errors="0">
  <testcase name="display6" time="0.000" classname="SeleniumBatchFeb.TestClass2"/>
  <testcase name="display2" time="0.000" classname="SeleniumBatchFeb.TestClass2"/>
</testsuite> <!-- SeleniumBatchFeb.TestClass2 -->
