<?xml version="1.0" encoding="UTF-8"?>
<!-- Generated by org.testng.reporters.JUnitReportReporter -->
<testsuite hostname="WKWIN5662620" name="SeleniumBatchFeb.TestClass1" tests="3" failures="0" timestamp="17 Mar 2019 09:33:59 GMT" time="0.015" errors="0">
  <testcase name="display6" time="0.000" classname="SeleniumBatchFeb.TestClass1"/>
  <testcase name="display2" time="0.000" classname="SeleniumBatchFeb.TestClass1"/>
  <testcase name="display7" time="0.015" classname="SeleniumBatchFeb.TestClass1"/>
</testsuite> <!-- SeleniumBatchFeb.TestClass1 -->
