<?xml version="1.0" encoding="UTF-8"?>
<!-- Generated by org.testng.reporters.JUnitReportReporter -->
<testsuite hostname="WKWIN5662620" name="selenium5.ExampleTestNG2" tests="3" failures="0" timestamp="18 Aug 2018 08:13:38 GMT" time="0.000" errors="0">
  <testcase name="test3" time="0.000" classname="selenium5.ExampleTestNG2"/>
  <testcase name="test2" time="0.000" classname="selenium5.ExampleTestNG2"/>
  <testcase name="test1" time="0.000" classname="selenium5.ExampleTestNG2"/>
</testsuite> <!-- selenium5.ExampleTestNG2 -->
