<?xml version="1.0" encoding="UTF-8"?>
<!-- Generated by org.testng.reporters.JUnitReportReporter -->
<testsuite hostname="WKWIN5662620" name="seleniumClass5.TestClass2" tests="2" failures="0" timestamp="18 Aug 2018 12:10:44 GMT" time="0.000" errors="0">
  <testcase name="test3" time="0.000" classname="seleniumClass5.TestClass2"/>
  <testcase name="test1" time="0.000" classname="seleniumClass5.TestClass2"/>
</testsuite> <!-- seleniumClass5.TestClass2 -->
